2022-12-10 14:05:58 [INFO ] http-nio-8110-exec-8 ExcelDictDTOListener.java:64 com.atguigu.srb.core.listener.ExcelDictDTOListener 数据添加完成！
2022-12-10 14:05:58 [INFO ] http-nio-8110-exec-8 ExcelDictDTOListener.java:37 com.atguigu.srb.core.listener.ExcelDictDTOListener 解析到一条记录: ExcelDictDTO(id=81000, parentId=1, name=借款状态, value=null, dictCode=borrowStatus)
2022-12-10 14:05:58 [INFO ] http-nio-8110-exec-8 ExcelDictDTOListener.java:37 com.atguigu.srb.core.listener.ExcelDictDTOListener 解析到一条记录: ExcelDictDTO(id=81001, parentId=81000, name=待审核, value=0, dictCode=null)
2022-12-10 14:05:58 [INFO ] http-nio-8110-exec-8 ExcelDictDTOListener.java:37 com.atguigu.srb.core.listener.ExcelDictDTOListener 解析到一条记录: ExcelDictDTO(id=81002, parentId=81000, name=审批通过, value=1, dictCode=null)
2022-12-10 14:05:58 [INFO ] http-nio-8110-exec-8 ExcelDictDTOListener.java:37 com.atguigu.srb.core.listener.ExcelDictDTOListener 解析到一条记录: ExcelDictDTO(id=81003, parentId=81000, name=还款中, value=2, dictCode=null)
2022-12-10 14:05:58 [INFO ] http-nio-8110-exec-8 ExcelDictDTOListener.java:37 com.atguigu.srb.core.listener.ExcelDictDTOListener 解析到一条记录: ExcelDictDTO(id=81004, parentId=81000, name=结束, value=3, dictCode=null)
2022-12-10 14:05:58 [INFO ] http-nio-8110-exec-8 ExcelDictDTOListener.java:61 com.atguigu.srb.core.listener.ExcelDictDTOListener 存储了5条数据到数据库
2022-12-10 14:05:58 [INFO ] http-nio-8110-exec-8 ExcelDictDTOListener.java:64 com.atguigu.srb.core.listener.ExcelDictDTOListener 数据添加完成！
2022-12-10 14:05:58 [INFO ] http-nio-8110-exec-8 ExcelDictDTOListener.java:37 com.atguigu.srb.core.listener.ExcelDictDTOListener 解析到一条记录: ExcelDictDTO(id=81005, parentId=81000, name=审批不通过, value=-1, dictCode=null)
2022-12-10 14:05:58 [INFO ] http-nio-8110-exec-8 ExcelDictDTOListener.java:37 com.atguigu.srb.core.listener.ExcelDictDTOListener 解析到一条记录: ExcelDictDTO(id=82000, parentId=1, name=学校性质, value=null, dictCode=SchoolStatus)
2022-12-10 14:05:58 [INFO ] http-nio-8110-exec-8 ExcelDictDTOListener.java:37 com.atguigu.srb.core.listener.ExcelDictDTOListener 解析到一条记录: ExcelDictDTO(id=82001, parentId=82000, name=211/985, value=null, dictCode=null)
2022-12-10 14:05:58 [INFO ] http-nio-8110-exec-8 ExcelDictDTOListener.java:37 com.atguigu.srb.core.listener.ExcelDictDTOListener 解析到一条记录: ExcelDictDTO(id=82002, parentId=82000, name=一本, value=null, dictCode=null)
2022-12-10 14:05:58 [INFO ] http-nio-8110-exec-8 ExcelDictDTOListener.java:37 com.atguigu.srb.core.listener.ExcelDictDTOListener 解析到一条记录: ExcelDictDTO(id=82003, parentId=82000, name=二本, value=null, dictCode=null)
2022-12-10 14:05:58 [INFO ] http-nio-8110-exec-8 ExcelDictDTOListener.java:61 com.atguigu.srb.core.listener.ExcelDictDTOListener 存储了5条数据到数据库
2022-12-10 14:05:58 [INFO ] http-nio-8110-exec-8 ExcelDictDTOListener.java:64 com.atguigu.srb.core.listener.ExcelDictDTOListener 数据添加完成！
2022-12-10 14:05:58 [INFO ] http-nio-8110-exec-8 ExcelDictDTOListener.java:37 com.atguigu.srb.core.listener.ExcelDictDTOListener 解析到一条记录: ExcelDictDTO(id=82004, parentId=82000, name=三本, value=null, dictCode=null)
2022-12-10 14:05:58 [INFO ] http-nio-8110-exec-8 ExcelDictDTOListener.java:37 com.atguigu.srb.core.listener.ExcelDictDTOListener 解析到一条记录: ExcelDictDTO(id=82005, parentId=82000, name=高职高专, value=null, dictCode=null)
2022-12-10 14:05:58 [INFO ] http-nio-8110-exec-8 ExcelDictDTOListener.java:37 com.atguigu.srb.core.listener.ExcelDictDTOListener 解析到一条记录: ExcelDictDTO(id=82006, parentId=82000, name=中职中专, value=null, dictCode=null)
2022-12-10 14:05:58 [INFO ] http-nio-8110-exec-8 ExcelDictDTOListener.java:37 com.atguigu.srb.core.listener.ExcelDictDTOListener 解析到一条记录: ExcelDictDTO(id=82007, parentId=82000, name=高中及以下, value=null, dictCode=null)
2022-12-10 14:05:58 [INFO ] http-nio-8110-exec-8 ExcelDictDTOListener.java:61 com.atguigu.srb.core.listener.ExcelDictDTOListener 存储了4条数据到数据库
2022-12-10 14:05:58 [INFO ] http-nio-8110-exec-8 ExcelDictDTOListener.java:64 com.atguigu.srb.core.listener.ExcelDictDTOListener 数据添加完成！
2022-12-10 14:05:58 [INFO ] http-nio-8110-exec-8 ExcelDictDTOListener.java:54 com.atguigu.srb.core.listener.ExcelDictDTOListener 所有数据解析完成！
2022-12-10 14:05:58 [INFO ] http-nio-8110-exec-9 DictServiceImpl.java:73 com.atguigu.srb.core.service.impl.DictServiceImpl 从redis中取值....
