2022-12-21 17:38:02,850 INFO notifyConnectTimeout:200

2022-12-21 17:38:02,853 INFO notifySocketTimeout:8000

2022-12-21 17:38:02,853 INFO isHealthCheck:true

2022-12-21 17:38:02,853 INFO maxHealthCheckFailCount:12

2022-12-21 17:38:02,853 INFO maxContent:10485760

2022-12-21 17:38:03,313 INFO Schema 'NACOS' already exists.

2022-12-21 17:38:03,349 INFO Table/View 'CONFIG_INFO' already exists in Schema 'NACOS'.

2022-12-21 17:38:03,383 INFO Table/View 'HIS_CONFIG_INFO' already exists in Schema 'NACOS'.

2022-12-21 17:38:03,398 INFO Table/View 'CONFIG_INFO_BETA' already exists in Schema 'NACOS'.

2022-12-21 17:38:03,406 INFO Table/View 'CONFIG_INFO_TAG' already exists in Schema 'NACOS'.

2022-12-21 17:38:03,413 INFO Table/View 'CONFIG_INFO_AGGR' already exists in Schema 'NACOS'.

2022-12-21 17:38:03,421 INFO Table/View 'APP_LIST' already exists in Schema 'NACOS'.

2022-12-21 17:38:03,428 INFO Table/View 'APP_CONFIGDATA_RELATION_SUBS' already exists in Schema 'NACOS'.

2022-12-21 17:38:03,434 INFO Table/View 'APP_CONFIGDATA_RELATION_PUBS' already exists in Schema 'NACOS'.

2022-12-21 17:38:03,441 INFO Table/View 'CONFIG_TAGS_RELATION' already exists in Schema 'NACOS'.

2022-12-21 17:38:03,451 INFO Table/View 'GROUP_CAPACITY' already exists in Schema 'NACOS'.

2022-12-21 17:38:03,458 INFO Table/View 'TENANT_CAPACITY' already exists in Schema 'NACOS'.

2022-12-21 17:38:03,464 INFO Table/View 'TENANT_INFO' already exists in Schema 'NACOS'.

2022-12-21 17:38:03,474 INFO Table/View 'USERS' already exists in Schema 'NACOS'.

2022-12-21 17:38:03,480 INFO Table/View 'ROLES' already exists in Schema 'NACOS'.

2022-12-21 17:38:03,487 INFO Table/View 'PERMISSIONS' already exists in Schema 'NACOS'.

2022-12-21 17:38:03,552 INFO The statement was aborted because it would have caused a duplicate key value in a unique or primary key constraint or unique index identified by 'SQL221121140714080' defined on 'USERS'.

2022-12-21 17:38:03,557 INFO The statement was aborted because it would have caused a duplicate key value in a unique or primary key constraint or unique index identified by 'UK_USERNAME_ROLE' defined on 'ROLES'.

2022-12-21 17:38:04,481 INFO ServerListService address-server port:8080

2022-12-21 17:38:04,481 INFO ADDRESS_SERVER_URL:http://jmenv.tbsite.net:8080/nacos/serverlist

2022-12-21 17:38:04,482 WARN [serverlist] updated to [192.168.2.16:8848]

2022-12-21 17:38:04,542 WARN DumpService start

2022-12-21 17:38:04,544 INFO start clear all config-info.

2022-12-21 17:38:04,548 WARN clear all config-info failed.

2022-12-21 17:38:04,548 WARN clear all config-info-tenant failed.

2022-12-21 17:38:04,631 INFO [all-dump] 10 / 10

2022-12-21 17:38:04,631 INFO start clear all config-info-beta.

2022-12-21 17:38:04,631 WARN clear all config-info-beta failed.

2022-12-21 17:38:04,631 WARN clear all config-info-beta-tenant failed.

2022-12-21 17:38:04,640 INFO start clear all config-info-tag.

2022-12-21 17:38:04,641 WARN clear all config-info-tag failed.

2022-12-21 17:38:04,641 WARN clear all config-info-tag-tenant failed.

