2022-12-21 17:38:34,665 INFO PERFORMANCE:|0|0|-1|-1

2022-12-21 17:43:34,667 INFO PERFORMANCE:|4|4|-1|-1

2022-12-21 17:48:34,669 INFO PERFORMANCE:|4|0|-1|-1

2022-12-21 17:53:34,671 INFO PERFORMANCE:|4|2|-1|-1

2022-12-21 17:58:34,672 INFO PERFORMANCE:|4|4|-1|-1

2022-12-21 18:03:34,673 INFO PERFORMANCE:|4|4|-1|-1

2022-12-21 18:08:34,674 INFO PERFORMANCE:|4|4|-1|-1

2022-12-21 18:13:34,675 INFO PERFORMANCE:|4|4|-1|-1

2022-12-21 18:18:34,676 INFO PERFORMANCE:|4|4|-1|-1

2022-12-21 18:23:34,677 INFO PERFORMANCE:|4|4|-1|-1

2022-12-21 18:28:34,678 INFO PERFORMANCE:|4|4|-1|-1

2022-12-21 18:33:34,681 INFO PERFORMANCE:|4|4|-1|-1

2022-12-21 18:38:34,683 INFO PERFORMANCE:|4|4|-1|-1

2022-12-21 18:43:34,684 INFO PERFORMANCE:|4|4|-1|-1

2022-12-21 18:48:34,685 INFO PERFORMANCE:|4|4|-1|-1

2022-12-21 18:53:34,686 INFO PERFORMANCE:|4|4|-1|-1

2022-12-21 18:58:34,688 INFO PERFORMANCE:|4|4|-1|-1

2022-12-21 19:03:34,691 INFO PERFORMANCE:|4|4|-1|-1

2022-12-21 19:08:34,692 INFO PERFORMANCE:|4|4|-1|-1

2022-12-21 19:13:34,694 INFO PERFORMANCE:|4|4|-1|-1

2022-12-21 19:18:34,694 INFO PERFORMANCE:|4|4|-1|-1

2022-12-21 19:23:34,695 INFO PERFORMANCE:|4|4|-1|-1

2022-12-21 19:28:34,696 INFO PERFORMANCE:|4|4|-1|-1

2022-12-21 19:33:34,696 INFO PERFORMANCE:|4|4|-1|-1

2022-12-21 19:38:34,700 INFO PERFORMANCE:|4|4|-1|-1

2022-12-21 19:43:34,704 INFO PERFORMANCE:|4|4|-1|-1

2022-12-21 19:48:34,705 INFO PERFORMANCE:|4|4|-1|-1

